  D:freeglut.dll
  D:glew32.dll
  D:glew32s.dll
  3 File(s) copied
  D:glfw3.dll
  D:glfw3dll.dll
  D:glfw3_mt.dll
  3 File(s) copied
  D:SOIL.dll
  1 File(s) copied
  glm.cpp
  main.cpp
  imageloader.cpp
  loadShaders.cpp
  Generating Code...
  glad.c
  Proiect_Biliard_2D.vcxproj -> D:\facultate\III\grafica\Proiect_Biliard_2D\x64\Debug\Proiect_Biliard_2D.exe
  D:\facultate\III\grafica\Proiect_Biliard_2D\lib\x64\GL\DLLs\freeglut.dll
  D:\facultate\III\grafica\Proiect_Biliard_2D\lib\x64\GL\DLLs\glew32.dll
  2 File(s) copied
  D:\facultate\III\grafica\Proiect_Biliard_2D\lib\x64\GLFW\DLLs\glfw3.dll
  1 File(s) copied
  D:\facultate\III\grafica\Proiect_Biliard_2D\lib\x64\SOIL\SOIL.dll
  1 File(s) copied
